<?xml version="1.0" encoding="UTF-8"?>
<!-- Generated by org.testng.reporters.JUnitReportReporter -->
<testsuite skipped="0" hostname="DESKTOP-AD5KHQN" name="RestAPI.sumValidation" tests="1" failures="0" timestamp="25 Nov 2021 21:56:46 GMT" time="2.050" errors="0">
  <testcase name="SumOfAllCoursePrices" time="2.050" classname="RestAPI.sumValidation"/>
</testsuite> <!-- RestAPI.sumValidation -->
