<?xml version="1.0" encoding="UTF-8"?>
<!-- Generated by org.testng.reporters.JUnitReportReporter -->
<testsuite hostname="DESKTOP-AD5KHQN" failures="0" tests="1" name="RestAPI.sumValidation" time="1.341" errors="0" timestamp="2023-11-21T22:52:55 IST" skipped="0">
  <testcase classname="RestAPI.sumValidation" name="SumOfAllCoursePrices" time="1.341"/>
  <system-out/>
</testsuite> <!-- RestAPI.sumValidation -->
