<?xml version="1.0" encoding="UTF-8"?>
<!-- Generated by org.testng.reporters.JUnitReportReporter -->
<testsuite hostname="DESKTOP-AD5KHQN" failures="0" tests="1" name="RestAPI.DynamicJson_attachmentAsPayload" time="2.377" errors="0" timestamp="2023-11-22T14:45:40 IST" skipped="0">
  <testcase classname="RestAPI.DynamicJson_attachmentAsPayload" name="AddPlace_AttachmentAsPayload" time="2.377"/>
  <system-out/>
</testsuite> <!-- RestAPI.DynamicJson_attachmentAsPayload -->
