<?xml version="1.0" encoding="UTF-8"?>
<!-- Generated by org.testng.reporters.JUnitReportReporter -->
<testsuite hostname="DESKTOP-AD5KHQN" failures="0" tests="2" name="RestAPI.DynamicJson_Add_Delete_Books" time="2.258" errors="0" timestamp="2023-11-22T02:25:53 IST" skipped="0">
  <testcase classname="RestAPI.DynamicJson_Add_Delete_Books" name="addBook" time="2.041"/>
  <system-out/>
  <testcase classname="RestAPI.DynamicJson_Add_Delete_Books" name="addBook" time="0.217"/>
  <system-out/>
</testsuite> <!-- RestAPI.DynamicJson_Add_Delete_Books -->
