<?xml version="1.0" encoding="UTF-8"?>
<!-- Generated by org.testng.reporters.JUnitReportReporter -->
<testsuite hostname="DESKTOP-AD5KHQN" failures="0" tests="2" name="RestAPI.DynamicJson_AddBook" time="2.213" errors="0" timestamp="2023-11-22T02:24:03 IST" skipped="0">
  <testcase classname="RestAPI.DynamicJson_AddBook" name="addBook" time="0.248"/>
  <system-out/>
  <testcase classname="RestAPI.DynamicJson_AddBook" name="addBook" time="1.965"/>
  <system-out/>
</testsuite> <!-- RestAPI.DynamicJson_AddBook -->
